EOS	NEOS	['5790', 'I', 'can', 'go', '.', "There's", 'nothing', 'to', '227', '20', '1']
EOS	NEOS	['5461', 'of', 'handling', 'me', '.', 'He', 'never', 'let', '21', '103', '1']
EOS	NEOS	['12127', 'as', 'uniquely', 'his', '.', 'There', 'is', 'only', '36', '71', '2']
NEOS	EOS	['9455', 'an', 'occasional', '24-hr', '.', 'composite', 'was', 'made', '56', '42', '1']
NEOS	EOS	['6743', 'friends', 'since', 'Mr', '.', 'Simpkins', 'was', 'a', '28', '4', '2']
EOS	NEOS	['17496', 'have', 'been', "''", '.', 'Even', 'in', 'its', '244', '36', '1']
EOS	NEOS	['23302', 'to', 'correct', 'it', '.', 'In', 'his', 'gym', '24', '82', '1']
NEOS	EOS	['795', 'agreeing', 'on', 'Gen', '.', 'Gursel', 'as', 'president', '23', '14', '2']
NEOS	EOS	['27772', 'York', ',', 'Dr', '.', 'Ramsey', ',', 'recently', '50', '59', '1']
NEOS	EOS	['13444', 'Sitwell', ',', 'Mr', '.', 'Sansom', 'writes', 'of', '32', '57', '1']
NEOS	EOS	['28074', 'directly', 'from', 'Mr', '.', "Brown's", 'efforts', 'to', '22', '50', '1']
EOS	NEOS	['12234', 'sides', 'of', 'C', '.', 'We', 'again', 'consider', '30', '83', '1']
NEOS	EOS	['26030', 'Drill', 'a', 'No', '.', '50', 'hole', ',', '160', '48', '1']
NEOS	EOS	['38839', 'room', ',', 'Mrs', '.', 'Borden', 'told', 'the', '14', '56', '1']
EOS	NEOS	['28626', '135', '-', '75', '.', ')', 'Whatever', 'philosophy', '32', '164', '0']
EOS	NEOS	['8863', 'first', 'sex', 'act', '.', 'Ignorance', 'on', 'this', '29', '16', '1']
NEOS	EOS	['41032', 'Week', '(', 'Aug', '.', '9', ',', '1961', '33', '100', '1']
NEOS	EOS	['18051', 'that', 'the', 'Rev', '.', 'J', '.', 'D', '18', '49', '1']
NEOS	EOS	['26150', ',', 'when', 'Mr', '.', 'Milstein', 'thrust', 'straight', '5', '85', '2']
NEOS	EOS	['3972', 'Sons', ',', 'Inc', '.', ',', 'New', 'York', '183', '45', '0']
NEOS	EOS	['12326', '(', '72', 'Stat', '.', '1707', ';', ';', '14', '18', '1']
NEOS	EOS	['24667', 'told', 'her', 'Mrs', '.', 'Roberts', 'would', 'pay', '42', '16', '2']
EOS	NEOS	['37019', 'a', 'published', 'score', '.', 'Though', 'brief', ',', '29', '50', '3']
NEOS	EOS	['5447', 'transfer', 'to', 'Mr', '.', 'Mitchell', 'some', 'of', '11', '19', '1']
NEOS	EOS	['17967', 'sign', 'of', 'Mrs', '.', 'Lauren', 'Payne', 'at', '26', '63', '1']
NEOS	EOS	['14006', 'guts', ',', 'Mr', '.', 'Paxton', '.', 'You', '12', '8', '2']
NEOS	EOS	['13839', 'far', ',', 'Mr', '.', 'Freeman', 'has', 'offered', '25', '6', '1']
NEOS	EOS	['36984', 'But', 'watching', 'Mrs', '.', 'Cyril', 'Ring', ',', '31', '37', '1']
EOS	NEOS	['13469', 'an', 'agrarian', 'one', '.', 'This', 'represents', 'a', '109', '73', '1']
EOS	NEOS	['20710', 'around', 'a', 'lot', '.', 'I', 'like', 'them', '11', '4', '1']
EOS	NEOS	['5748', 'run', 'down', "''", '.', "It's", 'best', 'to', '41', '15', '1']
EOS	NEOS	['15591', 'points', 'of', 'Aj', '.', 'Hence', 'the', 'totality', '78', '16', '2']
NEOS	EOS	['34590', 'Englishman', ',', 'Mrs', '.', 'Manley', 'sarcastically', 'deplores', '81', '33', '1']
NEOS	EOS	['20203', 'head', 'off', 'Mr', '.', 'Khrushchev', 'for', 'the', '27', '49', '1']
NEOS	EOS	['34012', 'hours', 'when', 'Mrs', '.', 'Borden', 'was', 'killed', '88', '3', '1']
NEOS	EOS	['32088', '5-', 'or', '10-yr', '.', ')', 'marketing', 'program', '9', '3', '0']
EOS	NEOS	['4843', 'too', 'much', 'fat', '.', 'With', 'meat', ',', '5', '47', '1']
NEOS	EOS	['10583', 'Having', 'whipped', 'Mr', '.', 'De', 'Sapio', 'in', '39', '45', '2']
NEOS	EOS	['1654', 'life', '.', 'St', '.', 'John', '24', '.', '41', '2', '2']
NEOS	EOS	['35771', "''", ',', 'Mr', '.', 'Clark', 'said', 'in', '14', '33', '1']
NEOS	EOS	['9819', 'Boron', ',', 'Calif', '.', '(', 'Sept', '.', '19', '93', '1']
EOS	NEOS	['29534', ',', 'please', "''", '.', 'At', 'that', 'moment', '57', '32', '1']
NEOS	EOS	['12981', 'Bradford', ',', 'Mrs', '.', 'Samuel', 'Butler', 'Jr', '20', '62', '1']
EOS	NEOS	['12248', 'to', 'her', 'left', '.', 'The', 'Spanish', 'Steps', '79', '3', '1']
NEOS	EOS	['13119', 'were', 'Amos', 'C', '.', 'Barstow', ',', 'ex-mayor', '72', '132', '1']
NEOS	EOS	['35123', 'herewith', '(', 'Fig', '.', '1', ')', '.', '68', '73', '1']
NEOS	EOS	['35350', '.', 'and', 'Mrs', '.', 'Stevens', 'and', 'the', '14', '35', '1']
EOS	NEOS	['22558', 'a', 'recent', 'one', '.', 'A', 'three-man', 'committee', '9', '25', '1']
NEOS	EOS	['43767', 'at', '2', 'p.m', '.', 'Saturday', '.', '<P>', '27', '1', '2']
EOS	NEOS	['44872', 'way', 'she', 'bent', '.', 'She', 'was', 'too', '75', '16', '1']
EOS	NEOS	['18020', "didn't", 'feel', 'it', '.', 'We', 'seemed', 'to', '11', '40', '2']
EOS	NEOS	['9025', 'head', 'per', 'day', '.', 'Treatment', 'of', 'the', '110', '219', '1']
EOS	NEOS	['42691', 'proportion', "'", "''", '.', 'What', 'Mr', '.', '25', '30', '1']
EOS	NEOS	['16609', 'a', 'mistake', "''", '.', 'So', 'I', 'started', '28', '13', '2']
NEOS	EOS	['67', '.', '(', 'Pp', '.', '228-229', ')', 'in', '133', '65', '1']
EOS	NEOS	['36099', "''", 'to', 'men', '.', 'According', 'to', 'Dr', '26', '37', '1']
EOS	NEOS	['10687', 'of', 'this', 'age', '.', 'One', 'can', 'take', '119', '89', '1']
EOS	NEOS	['25347', 'made', 'to', 'you', '.', 'This', 'applies', 'to', '30', '8', '2']
NEOS	EOS	['28744', 'at', 'which', 'Mrs', '.', 'John', 'Dane', ',', '19', '46', '1']
EOS	NEOS	['28281', 'in', 'Vienna', "''", '.', 'Lewis', 'himself', 'furthered', '18', '91', '1']
NEOS	EOS	['6546', 'problems', ',', 'Mr', '.', 'Kennedy', 'invited', 'Stevenson', '110', '9', '1']
NEOS	EOS	['872', 'drunk', '.', 'Mr', '.', 'Crumb', 'would', 'probably', '28', '29', '1']
NEOS	EOS	['31155', '.', '1', 'St', '.', 'John', '14', '.', '26', '12', '1']
EOS	NEOS	['19472', 'World', 'War', '2', '.', 'Norms', '.', '<P>', '67', '1', '2']
NEOS	EOS	['18688', 'president', '.', 'Gen', '.', 'Gursel', 'has', 'headed', '27', '10', '1']
NEOS	EOS	['43985', 'wanted', 'the', 'p', '.', 'a', '.', 'system', '24', '4', '1']
EOS	NEOS	['28459', 'the', 'space', 'V', '.', 'This', 'is', 'clearly', '80', '110', '1']
NEOS	EOS	['2857', 'Arkansas', 'and', 'Rep', '.', 'David', 'Martin', 'of', '8', '89', '1']
NEOS	EOS	['33042', 'sister', ',', 'Mrs', '.', 'Birdie', 'Gevurtz', ';', '33', '19', '2']
EOS	NEOS	['16796', 'K', 'on', 'Q', '.', 'A', 'general', 'line', '25', '80', '2']
NEOS	EOS	['22965', 'conducted', 'by', 'Mrs', '.', 'Gretchen', 'Schenk', 'of', '65', '13', '1']
EOS	NEOS	['2865', 'religious', 'faith', "''", '.', 'Is', 'this', 'not', '52', '14', '1']
NEOS	EOS	['19154', 'society', '.', 'Mr', '.', 'Lyford', 'gives', 'voice', '94', '48', '1']
NEOS	EOS	['15817', '.', '<P>', 'Mr', '.', 'and', 'Mrs', '.', '1', '10', '1']
EOS	NEOS	['25065', '512', 'in', 'saline', '.', 'The', 'second', 'contained', '41', '112', '2']
EOS	NEOS	['38796', 'Furious', 'Overfall', "''", '.', 'Floating', 'ice', 'bore', '23', '37', '1']
EOS	NEOS	['20934', 'my', 'plans', "''", '.', 'He', 'proceeded', 'with', '146', '29', '1']
NEOS	EOS	['38656', 'opening', 'here', 'Nov', '.', '28', '--', 'barring', '26', '16', '1']
NEOS	EOS	['12697', 'break', '.', 'Mrs', '.', 'Long', 'still', 'feels', '35', '30', '1']
EOS	NEOS	['28115', 'Popish', 'Prince', "''", '.', 'In', 'his', 'comment', '112', '231', '1']
EOS	NEOS	['18855', 'intersections', 'with', 'Q', '.', 'For', 'if', 'it', '21', '73', '1']
NEOS	EOS	['3846', 'the', 'Metropolitan', 'St', '.', 'Louis', 'Survey', 'of', '26', '13', '1']
EOS	NEOS	['37362', '``', 'immoderate', "''", '.', 'Bang-Jensen', 'was', 'in', '16', '8', '1']
EOS	NEOS	['23037', 'Buy', 'American', 'Act', '.', 'I', 'urge', 'once', '53', '11', '1']
NEOS	EOS	['12274', "''", ',', 'Mr', '.', 'Notte', 'said', ',', '14', '24', '1']
EOS	NEOS	['1932', 'thing', 'to', 'do', '.', 'A', 'workbench', 'had', '15', '40', '1']
EOS	NEOS	['11292', 'plant', 'might', 'not', '.', 'The', 'utilities', 'available', '66', '19', '1']
NEOS	EOS	['26633', 'reason', ',', 'U.S', '.', 'Camera', 'has', 'prepared', '40', '46', '1']
NEOS	EOS	['28962', 'Simply', 'call', 'Mr', '.', 'Whipsnade', 'Oscar', ',', '17', '31', '2']
NEOS	EOS	['44310', 'was', 'drawn', 'Mr', '.', 'Hohlbein', 'mentioned', 'to', '54', '24', '1']
EOS	NEOS	['28663', 'pays', 'off', "''", '.', 'His', 'sarcasm', 'was', '46', '15', '1']
NEOS	EOS	['14231', 'Neusteter', ',', 'Mrs', '.', 'Richard', 'Gibson', 'Smith', '68', '14', '1']
EOS	NEOS	['7629', ',', 'Quint', "''", '.', 'Her', 'face', 'turned', '11', '28', '1']
NEOS	EOS	['43986', 'Weaver', 'of', 'W', '.', 'W', '.', 'Samuels', '43', '46', '2']
NEOS	EOS	['12193', 'A', 'single', '24-hr', '.', 'composite', 'sample', 'indicated', '42', '12', '1']
EOS	NEOS	['38988', 'times', 'seven', "''", '.', 'Matthew', '18', ':', '10', '4', '1']
NEOS	EOS	['44140', 'shown', 'in', 'Figs', '.', '6', 'and', '8', '23', '13', '1']
EOS	NEOS	['334', 'is', 'inside', 'C', '.', 'As', 'S', 'increases', '45', '63', '2']
NEOS	EOS	['3905', '325-degrees-C', '.', 'Dr', '.', 'Douglass', 'was', 'kind', '21', '67', '1']
EOS	NEOS	['36656', 'rid', 'of', 'it', '.', 'Only', 'one', 'of', '70', '15', '1']
EOS	NEOS	['7666', "o'clock", 'May', '22', '.', 'Occasionally', 'they', 'heard', '92', '77', '2']
NEOS	EOS	['19208', 'at', '1,488', 'lbs', '.', 'per', 'person', ',', '54', '60', '1']
EOS	NEOS	['38718', 'could', 'cry', 'out', '.', 'He', 'could', 'have', '184', '21', '1']
EOS	NEOS	['7421', 'what', 'he', 'did', '.', 'That', 'third', 'year', '5', '384', '1']
EOS	NEOS	['28251', 'thrown', 'out', "''", '.', 'Again', ',', 'my', '11', '136', '1']
NEOS	EOS	['29423', 'result', 'of', 'Mr', '.', "McClellan's", 'hearings', 'into', '31', '73', '1']
EOS	NEOS	['24101', 'see', 'us', 'now', '.', 'We', 'had', 'been', '63', '64', '1']
NEOS	EOS	['33814', 'will', 'be', 'Mrs', '.', "Geraghty's", 'first', 'stop', '7', '34', '1']
EOS	NEOS	['17035', 'from', 'hearing', 'it', '.', 'It', 'was', 'as', '132', '13', '1']
NEOS	EOS	['25742', 'Gulf', 'of', 'St', '.', 'Lawrence', 'and', 'possibly', '76', '57', '1']
EOS	NEOS	['24561', 'own', 'home', "''", '.', 'In', 'the', 'silence', '7', '67', '2']
EOS	NEOS	['4307', "didn't", 'notice', 'it', '.', 'I', 'was', 'watching', '5', '6', '2']
EOS	NEOS	['9128', 'does', 'taste', 'good', '.', 'When', 'served', 'in', '33', '64', '4']
EOS	NEOS	['37891', 'awarded', 'to', 'him', '.', 'In', 'May', ',', '152', '139', '1']
EOS	NEOS	['25332', '14', ',', '15', '.', 'New', "Jersey's", 'color', '76', '20', '1']
NEOS	EOS	['37480', 'Washington', '--', 'Rep', '.', 'Frelinghuysen', ',', 'R-5th', '62', '29', '1']
EOS	NEOS	['41123', 'his', 'rifle', 'butt', '.', 'It', 'sounded', 'like', '48', '27', '1']
EOS	NEOS	['33190', 'all', 'the', 'way', '.', 'This', 'colt', 'has', '116', '21', '1']
EOS	NEOS	['40619', 'than', 'with', 'men', '.', 'Public', 'men', 'come', '45', '11', '1']
EOS	NEOS	['42823', 'not', 'call', 'out', '.', 'But', 'as', 'the', '5', '51', '1']
NEOS	EOS	['4168', '.', 'and', 'Mrs', '.', 'B', '.', 'were', '63', '168', '1']
EOS	NEOS	['12378', 'a', 'fine', 'year', '.', 'He', "hasn't", 'played', '15', '39', '1']
NEOS	EOS	['39244', 'verdict', '.', 'Mrs', '.', 'Hengesbach', 'was', 'killed', '40', '8', '1']
EOS	NEOS	['1999', 'that', 'it', 'can', '.', 'Perhaps', 'this', 'is', '74', '12', '1']
EOS	NEOS	['2311', 'they', 'would', 'do', '.', 'There', 'are', ',', '253', '35', '1']
EOS	NEOS	['40806', 'and', 'power', "''", '.', 'To', 'reduce', 'further', '147', '29', '1']
EOS	NEOS	['12197', 'you', 'do', "''", '.', "Barton's", 'voice', 'was', '6', '25', '2']
NEOS	EOS	['27452', 'Brumby', ',', 'Sr', '.', '(', 'for', 'whom', '39', '35', '1']
NEOS	EOS	['29660', 'Hole', ',', 'Mrs', '.', 'William', 'F', '.', '36', '37', '2']
EOS	NEOS	['462', 'cost', 'about', '$700', '.', 'A', 'contractor', 'probably', '8', '56', '2']
NEOS	EOS	['24554', 'Washington', ',', 'Feb', '.', '9', '--', 'Acting', '33', '22', '2']
NEOS	EOS	['18413', 'photo', 'on', 'p', '.', '92', ')', ',', '31', '23', '2']
NEOS	EOS	['3629', 'kind', 'of', 'p', '.', 'a', '.', 'system', '20', '32', '1']
NEOS	EOS	['6994', 'SR', ',', 'Feb', '.', '11', ')', '.', '4', '2', '1']
EOS	NEOS	['4796', 'in', 'the', 'area', '.', '--', 'Check', 'on', '114', '23', '0']
NEOS	EOS	['43645', 'there', 'is', 'St', '.', 'Louis', 'county', ',', '5', '86', '1']
NEOS	EOS	['26493', 'Orleans', '.', 'Mrs', '.', 'Harry', 'K', '.', '37', '25', '1']
EOS	NEOS	['820', ',', 'Lester', "''", '.', 'He', 'swung', 'round', '37', '14', '1']
NEOS	EOS	['5372', 'and', 'to', 'Mrs', '.', 'Rozella', 'Switzer', ',', '45', '53', '1']
NEOS	EOS	['32859', 'Spurdle', ',', 'Jr', '.', ',', 'Mrs', '.', '49', '34', '0']
EOS	NEOS	['12799', 'This', 'was', 'it', '.', 'This', 'was', 'the', '11', '53', '1']
NEOS	EOS	['17260', '2', ',', 'No', '.', '3', ',', 'pp', '18', '172', '1']
NEOS	EOS	['9915', 'Women', ',', 'Vol', '.', '2', ',', ',', '11', '51', '2']
NEOS	EOS	['21061', '.', ',', 'Feb', '.', '3', '--', 'After', '6', '42', '1']
NEOS	EOS	['20639', ',', 'says', 'Dr', '.', 'Brodie', '.', '<P>', '40', '1', '1']
NEOS	EOS	['29198', 'kolkhozes', ',', 'i.e', '.', ',', 'state', 'farms', '47', '16', '0']
NEOS	EOS	['29051', 'committee', 'include', 'Mrs', '.', 'Milton', 'Bernet', ',', '6', '76', '1']
NEOS	EOS	['7353', 'one-inch', ',', 'No', '.', '12', 'nails', '.', '75', '56', '1']
NEOS	EOS	['34160', 'in', 'the', 'Mr', '.', 'Canada', 'event', ';', '102', '16', '1']
EOS	NEOS	['30295', 'of', 'my', 'own', '.', 'A', 'nice', 'bachelor', '10', '12', '1']
NEOS	EOS	['18160', 'assume', 'when', 'Mr', '.', 'Khrushchev', 'made', 'his', '303', '25', '1']
EOS	NEOS	['16206', 'the', 'sugar', 'bowl', '.', 'Make', 'creamer', 'the', '308', '4', '1']
NEOS	EOS	['31348', 'you', 'see', 'Mr', '.', 'Christiansen', 'knows', 'what', '30', '78', '1']
EOS	NEOS	['14425', 'of', 'its', 'wits', '.', 'Newspaper', 'punditry', 'was', '37', '17', '2']
EOS	NEOS	['43390', 'admissible', 'policies', 'Af', '.', 'When', 'it', 'is', '67', '25', '1']
EOS	NEOS	['23854', 'had', 'come', 'out', '.', 'He', 'spread', 'the', '21', '30', '1']
EOS	NEOS	['14773', 'hall', 'confused', 'him', '.', 'This', 'was', 'the', '7', '53', '1']
EOS	NEOS	['20946', 'may', 'not', "''", '.', 'The', 'girl', 'nodded', '46', '18', '1']
NEOS	EOS	['11934', 'who', 'says', 'Mrs', '.', 'Meeker', 'apparently', 'died', '21', '145', '1']
EOS	NEOS	['23477', 'specialized', 'to', 'Af', '.', 'The', 'theory', 'predicts', '105', '90', '1']
NEOS	EOS	['23290', 'Choreographed', 'by', 'Mr', '.', 'Nagrin', ',', 'the', '43', '43', '1']
NEOS	EOS	['36909', 'attempts', '.', 'Mrs', '.', 'Child', ',', 'true', '48', '50', '1']
NEOS	EOS	['32782', 'in', 'the', 'B', '.', 'family', ',', 'there', '5', '129', '1']
NEOS	EOS	['40101', 'cover', ',', 'Aug', '.', '29', ')', ',', '10', '86', '1']
EOS	NEOS	['2811', 'to', 'fill', 'it', '.', '``', 'Have', 'you', '120', '8', '1']
EOS	NEOS	['17113', 'seems', 'to', 'me', '.', 'The', 'promise', 'that', '7', '29', '1']
EOS	NEOS	['30782', 'of', 'Pulley', 'Bey', '.', 'He', 'was', 'the', '13', '30', '2']
NEOS	EOS	['11261', 'Chicago', ',', 'Ill', '.', ',', 'and', 'the', '60', '54', '0']
NEOS	EOS	['22215', 'Linda', ',', 'Mrs', '.', 'Bobbie', 'Evans', ',', '95', '13', '1']
EOS	NEOS	['41955', 'radically', 'changed', "''", '.', 'Malraux', 'pretends', ',', '207', '73', '1']
EOS	NEOS	['27220', 'fifteen', 'moons', 'ago', '.', 'It', 'took', 'thirty', '18', '30', '1']
NEOS	EOS	['12118', 'along', '.', 'Mr', '.', 'Rosenberg', 'suggested', 'that', '33', '9', '2']
EOS	NEOS	['39523', 'it', ',', 'Sam', '.', "There's", 'so', 'little', '55', '6', '1']
EOS	NEOS	['33828', 'a', 'grab', 'bag', '.', 'The', 'answers', 'derived', '35', '170', '1']
EOS	NEOS	['38390', 'of', 'this', 'Act', '.', 'Sec', '.', '8', '17', '2', '1']
EOS	NEOS	['17223', 'Shirley', ',', '46', '.', 'Each', 'had', 'been', '16', '11', '1']
NEOS	EOS	['3435', '(', '14.7', 'cm', '.', 'distance', ')', 'calculated', '51', '78', '1']
NEOS	EOS	['26222', 'Hardly', 'had', 'Mrs', '.', 'Roebuck', 'driven', 'off', '3', '46', '1']
NEOS	EOS	['39386', '.', 'By', 'Nov', '.', '8', ',', '1958', '127', '140', '2']
NEOS	EOS	['10714', 'by', '9:00', 'a.m', '.', 'I', 'had', 'finished', '109', '73', '1']
NEOS	EOS	['26385', 'world', '.', 'Mr', '.', 'Stratton', '.', '<P>', '38', '1', '1']
NEOS	EOS	['42596', 'Talk', 'to', 'Mrs', '.', 'Catt', "''", ',', '4', '5', '2']
NEOS	EOS	['20516', '.', 'Young', 'Mrs', '.', 'Arthur', 'had', 'opened', '18', '47', '1']
NEOS	EOS	['18022', 'burden', 'of', 'Mr', '.', "Wesker's", 'message', 'is', '4', '108', '2']
NEOS	EOS	['42000', '.', ',', 'Dec', '.', '15', ',', '1886', '10', '34', '4']
EOS	NEOS	['27463', 'it', 'should', 'be', '.', "It's", 'those', 'two', '5', '5', '1']
NEOS	EOS	['40661', 'Blum', 'and', 'Mrs', '.', 'Meyer', 'Schultz', 'are', '7', '28', '2']
NEOS	EOS	['36370', ';', ';', 'Mrs', '.', 'Joan', 'Lichtenstein', ',', '12', '48', '1']
NEOS	EOS	['1038', 'Embassy', 'for', 'Gen', '.', 'Chung', 'Hee', 'Park', '81', '10', '2']
EOS	NEOS	['37044', 'without', 'that', 'dog', '.', ')', 'And', 'his', '116', '42', '0']
EOS	NEOS	['15922', 'never', 'thought', 'of', '.', 'Something', 'so', 'incredible', '7', '4', '1']
NEOS	EOS	['7661', 'R', '.', 'V', '.', 'Rice', ')', '<P>', '253', '2', '1']
NEOS	EOS	['29136', 'shape', ',', 'Mrs', '.', 'Jones', '.', "You'll", '61', '12', '1']
NEOS	EOS	['28557', 'in', 'Englishman', 'No', '.', '46', ',', 'depicting', '139', '180', '1']
NEOS	EOS	['32018', 'McCormick', 'Place', 'Dec', '.', '8', 'and', '9', '64', '47', '1']
NEOS	EOS	['36794', 'Chicago', ',', 'Aug', '.', '9', '--', 'No', '8', '67', '1']
EOS	NEOS	['10841', 'son', 'that', 'age', '.', 'Mrs', '.', 'Roebuck', '11', '61', '1']
NEOS	EOS	['17874', "''", '.', 'Mrs', '.', 'Child', ',', 'who', '66', '84', '1']
NEOS	EOS	['12339', 'according', 'to', 'Mr', '.', 'Shriver', ',', 'get', '38', '8', '2']
NEOS	EOS	['34474', 'which', 'greeted', 'Mr', '.', "Eisenhower's", 'original', 'announcement', '57', '306', '1']
NEOS	EOS	['4976', '1910', '.', 'Mr', '.', 'Viall', 'possessed', 'remarkable', '31', '83', '2']
EOS	NEOS	['6540', 'she', 'really', 'is', '.', 'And', 'that', 'is', '79', '18', '1']
EOS	NEOS	['14730', 'larger', 'than', 'R', '.', 'No', 'optimism', 'is', '266', '62', '1']
NEOS	EOS	['14340', 'Liss', ',', 'Mrs', '.', 'Gordon', 'Blumberg', ',', '37', '14', '1']
EOS	NEOS	['344', 'they', 'woke', 'up', '.', '``', 'Listen', ',', '10', '33', '1']
EOS	NEOS	['20581', '&', 'Justice', "''", '.', 'The', 'ages', 'of', '92', '128', '1']
EOS	NEOS	['29121', 'wrong', 'you', 'are', '.', 'Mahzeer', 'and', 'the', '25', '19', '1']
EOS	NEOS	['16726', 'top', 'of', 'me', '.', 'I', 'could', 'smell', '16', '60', '1']
EOS	NEOS	['20948', 'ready', 'for', 'bed', '.', 'It', 'was', 'late', '102', '33', '1']
NEOS	EOS	['14774', '.', '.', 'Mrs', '.', "Dwyer's", 'husband', ',', '21', '45', '1']
EOS	NEOS	['8987', 'things', 'to', 'do', '.', 'Find', 'out', 'what', '8', '33', '1']
NEOS	EOS	['10399', '20', 'more', 'Mr', '.', 'Peeter', 'Rowswell', 'tooke', '227', '87', '1']
EOS	NEOS	['4793', 'act', 'accordingly', "''", '.', 'They', 'were', 'disappointed', '75', '68', '1']
NEOS	EOS	['44765', 'U', '.', 'S', '.', 'Government', 'pays', 'for', '11', '8', '2']
EOS	NEOS	['36782', 'on', 'September', '30', '.', '7', '.', '<P>', '21', '1', '1']
EOS	NEOS	['21778', 'have', 'impressed', 'us', '.', 'What', 'one', 'actually', '48', '141', '1']
EOS	NEOS	['1557', 'and', 'aggravates', 'all', '.', 'The', "world's", 'best', '33', '51', '1']
NEOS	EOS	['8167', 'say', ',', 'Mr', '.', 'Speaker', ',', 'God', '6', '72', '1']
EOS	NEOS	['16333', 'to', 'earn', 'it', '.', 'First', ',', 'let', '96', '259', '1']
NEOS	EOS	['15653', 'replaced', 'the', 'U', '.', 'S', '.', 'Naval', '69', '136', '1']
EOS	NEOS	['43462', 'makes', 'them', 'true', '.', 'Because', 'God', 'is', '50', '28', '1']
NEOS	EOS	['8016', ',', 'when', 'Mr', '.', "O'Donnell", 'wrote', 'his', '107', '108', '1']
NEOS	EOS	['35450', 'shown', 'in', 'Fig', '.', '4', ',', 'an', '56', '92', '1']
EOS	NEOS	['44182', 'more', 'than', '70%', '.', 'If', 'the', 'resulting', '38', '29', '1']
EOS	NEOS	['33686', 'pieces', 'into', 'it', '.', 'Unless', 'we', 'send', '97', '29', '1']
NEOS	EOS	['15943', '540-K', 'Chrysler', 'Bldg', '.', ',', 'New', 'York', '46', '32', '0']
EOS	NEOS	['6284', 'look', 'at', 'him', '.', 'The', 'figure', 'on', '298', '43', '1']
EOS	NEOS	['9840', 'and', 'dig', 'in', '.', 'The', 'sooner', 'you', '51', '17', '1']
NEOS	EOS	['9809', "''", '(', 'St', '.', 'John', '3', ':', '159', '5', '1']
NEOS	EOS	['33589', 'never', 'leave', 'Mr', '.', 'Wright', "''", '.', '129', '2', '1']
EOS	NEOS	['11763', 'the', 'field', 'F', '.', 'Let', 'p', 'be', '16', '77', '1']
EOS	NEOS	['16891', 'Oh', ',', 'yes', '.', 'Just', 'look', 'at', '4', '11', '1']
EOS	NEOS	['7852', 'to', 'excuse', 'me', '.', 'I', 'have', 'an', '24', '5', '1']
EOS	NEOS	['11723', 'the', 'find', "''", '.', ')', 'Mrs', '.', '159', '23', '0']
EOS	NEOS	['10917', 'in', 'a', 'letter', '.', 'Your', 'application', 'must', '57', '187', '2']
EOS	NEOS	['41106', 'as', 'he', 'is', '.', 'The', 'need', 'for', '66', '16', '2']
EOS	NEOS	['24145', 'his', 'very', 'own', '.', 'This', 'question', 'might', '118', '277', '1']
NEOS	EOS	['27304', '.', 'But', 'Mr', '.', 'Kennedy', 'saw', 'value', '38', '86', '1']
